# JRE version: OpenJDK Runtime Environment (8.0_152-b02) (build 1.8.0_152-release-1024-b02)
# Java VM: OpenJDK 64-Bit Server VM (25.152-b02 mixed mode windows-amd64 compressed oops)
Heap:
 PSYoungGen      total 42496K, used 30612K [0x00000000eab00000, 0x00000000eee00000, 0x0000000100000000)
  eden space 32256K, 83% used [0x00000000eab00000,0x00000000ec536458,0x00000000eca80000)
  from space 10240K, 36% used [0x00000000ed480000,0x00000000ed82ec08,0x00000000ede80000)
  to   space 10240K, 0% used [0x00000000eca80000,0x00000000eca80000,0x00000000ed480000)
 ParOldGen       total 62464K, used 8316K [0x00000000c0000000, 0x00000000c3d00000, 0x00000000eab00000)
  object space 62464K, 13% used [0x00000000c0000000,0x00000000c081f290,0x00000000c3d00000)
 Metaspace       used 26320K, capacity 26760K, committed 26880K, reserved 1073152K
  class space    used 3594K, capacity 3732K, committed 3840K, reserved 1048576K
GC Heap History (10 events):
Event: 6.985 GC heap before
{Heap before GC invocations=3 (full 0):
 PSYoungGen      total 37888K, used 37886K [0x00000000eab00000, 0x00000000ed500000, 0x0000000100000000)
  eden space 32768K, 100% used [0x00000000eab00000,0x00000000ecb00000,0x00000000ecb00000)
  from space 5120K, 99% used [0x00000000ed000000,0x00000000ed4ff830,0x00000000ed500000)
  to   space 5120K, 0% used [0x00000000ecb00000,0x00000000ecb00000,0x00000000ed000000)
 ParOldGen       total 86016K, used 70K [0x00000000c0000000, 0x00000000c5400000, 0x00000000eab00000)
  object space 86016K, 0% used [0x00000000c0000000,0x00000000c0011930,0x00000000c5400000)
 Metaspace       used 13993K, capacity 14324K, committed 14464K, reserved 1060864K
  class space    used 1943K, capacity 2060K, committed 2176K, reserved 1048576K
Event: 6.993 GC heap after
Heap after GC invocations=3 (full 0):
 PSYoungGen      total 37888K, used 5107K [0x00000000eab00000, 0x00000000ed500000, 0x0000000100000000)
  eden space 32768K, 0% used [0x00000000eab00000,0x00000000eab00000,0x00000000ecb00000)
  from space 5120K, 99% used [0x00000000ecb00000,0x00000000ecffce58,0x00000000ed000000)
  to   space 5120K, 0% used [0x00000000ed000000,0x00000000ed000000,0x00000000ed500000)
 ParOldGen       total 86016K, used 1903K [0x00000000c0000000, 0x00000000c5400000, 0x00000000eab00000)
  object space 86016K, 2% used [0x00000000c0000000,0x00000000c01dbc70,0x00000000c5400000)
 Metaspace       used 13993K, capacity 14324K, committed 14464K, reserved 1060864K
  class space    used 1943K, capacity 2060K, committed 2176K, reserved 1048576K
}
Event: 8.095 GC heap before
{Heap before GC invocations=4 (full 0):
 PSYoungGen      total 37888K, used 37875K [0x00000000eab00000, 0x00000000ed500000, 0x0000000100000000)
  eden space 32768K, 100% used [0x00000000eab00000,0x00000000ecb00000,0x00000000ecb00000)
  from space 5120K, 99% used [0x00000000ecb00000,0x00000000ecffce58,0x00000000ed000000)
  to   space 5120K, 0% used [0x00000000ed000000,0x00000000ed000000,0x00000000ed500000)
 ParOldGen       total 86016K, used 1903K [0x00000000c0000000, 0x00000000c5400000, 0x00000000eab00000)
  object space 86016K, 2% used [0x00000000c0000000,0x00000000c01dbc70,0x00000000c5400000)
 Metaspace       used 17148K, capacity 17516K, committed 17792K, reserved 1064960K
  class space    used 2471K, capacity 2608K, committed 2688K, reserved 1048576K
Event: 8.109 GC heap after
Heap after GC invocations=4 (full 0):
 PSYoungGen      total 37888K, used 5088K [0x00000000eab00000, 0x00000000ed500000, 0x0000000100000000)
  eden space 32768K, 0% used [0x00000000eab00000,0x00000000eab00000,0x00000000ecb00000)
  from space 5120K, 99% used [0x00000000ed000000,0x00000000ed4f8040,0x00000000ed500000)
  to   space 5120K, 0% used [0x00000000ecb00000,0x00000000ecb00000,0x00000000ed000000)
 ParOldGen       total 86016K, used 5018K [0x00000000c0000000, 0x00000000c5400000, 0x00000000eab00000)
  object space 86016K, 5% used [0x00000000c0000000,0x00000000c04e6910,0x00000000c5400000)
 Metaspace       used 17148K, capacity 17516K, committed 17792K, reserved 1064960K
  class space    used 2471K, capacity 2608K, committed 2688K, reserved 1048576K
}
Event: 9.687 GC heap before
{Heap before GC invocations=5 (full 0):
 PSYoungGen      total 37888K, used 24144K [0x00000000eab00000, 0x00000000ed500000, 0x0000000100000000)
  eden space 32768K, 58% used [0x00000000eab00000,0x00000000ebd9c268,0x00000000ecb00000)
  from space 5120K, 99% used [0x00000000ed000000,0x00000000ed4f8040,0x00000000ed500000)
  to   space 5120K, 0% used [0x00000000ecb00000,0x00000000ecb00000,0x00000000ed000000)
 ParOldGen       total 86016K, used 5018K [0x00000000c0000000, 0x00000000c5400000, 0x00000000eab00000)
  object space 86016K, 5% used [0x00000000c0000000,0x00000000c04e6910,0x00000000c5400000)
 Metaspace       used 20779K, capacity 21230K, committed 21248K, reserved 1067008K
  class space    used 2908K, capacity 3071K, committed 3072K, reserved 1048576K
Event: 9.703 GC heap after
Heap after GC invocations=5 (full 0):
 PSYoungGen      total 37376K, used 5108K [0x00000000eab00000, 0x00000000ede80000, 0x0000000100000000)
  eden space 32256K, 0% used [0x00000000eab00000,0x00000000eab00000,0x00000000eca80000)
  from space 5120K, 99% used [0x00000000ecb00000,0x00000000ecffd060,0x00000000ed000000)
  to   space 10240K, 0% used [0x00000000ed480000,0x00000000ed480000,0x00000000ede80000)
 ParOldGen       total 86016K, used 8031K [0x00000000c0000000, 0x00000000c5400000, 0x00000000eab00000)
  object space 86016K, 9% used [0x00000000c0000000,0x00000000c07d7f28,0x00000000c5400000)
 Metaspace       used 20779K, capacity 21230K, committed 21248K, reserved 1067008K
  class space    used 2908K, capacity 3071K, committed 3072K, reserved 1048576K
}
Event: 9.703 GC heap before
{Heap before GC invocations=6 (full 1):
 PSYoungGen      total 37376K, used 5108K [0x00000000eab00000, 0x00000000ede80000, 0x0000000100000000)
  eden space 32256K, 0% used [0x00000000eab00000,0x00000000eab00000,0x00000000eca80000)
  from space 5120K, 99% used [0x00000000ecb00000,0x00000000ecffd060,0x00000000ed000000)
  to   space 10240K, 0% used [0x00000000ed480000,0x00000000ed480000,0x00000000ede80000)
 ParOldGen       total 86016K, used 8031K [0x00000000c0000000, 0x00000000c5400000, 0x00000000eab00000)
  object space 86016K, 9% used [0x00000000c0000000,0x00000000c07d7f28,0x00000000c5400000)
 Metaspace       used 20779K, capacity 21230K, committed 21248K, reserved 1067008K
  class space    used 2908K, capacity 3071K, committed 3072K, reserved 1048576K
Event: 9.776 GC heap after
Heap after GC invocations=6 (full 1):
 PSYoungGen      total 37376K, used 0K [0x00000000eab00000, 0x00000000ede80000, 0x0000000100000000)
  eden space 32256K, 0% used [0x00000000eab00000,0x00000000eab00000,0x00000000eca80000)
  from space 5120K, 0% used [0x00000000ecb00000,0x00000000ecb00000,0x00000000ed000000)
  to   space 10240K, 0% used [0x00000000ed480000,0x00000000ed480000,0x00000000ede80000)
 ParOldGen       total 62464K, used 8308K [0x00000000c0000000, 0x00000000c3d00000, 0x00000000eab00000)
  object space 62464K, 13% used [0x00000000c0000000,0x00000000c081d290,0x00000000c3d00000)
 Metaspace       used 20779K, capacity 21230K, committed 21248K, reserved 1067008K
  class space    used 2908K, capacity 3071K, committed 3072K, reserved 1048576K
}
Event: 11.248 GC heap before
{Heap before GC invocations=7 (full 1):
 PSYoungGen      total 37376K, used 32256K [0x00000000eab00000, 0x00000000ede80000, 0x0000000100000000)
  eden space 32256K, 100% used [0x00000000eab00000,0x00000000eca80000,0x00000000eca80000)
  from space 5120K, 0% used [0x00000000ecb00000,0x00000000ecb00000,0x00000000ed000000)
  to   space 10240K, 0% used [0x00000000ed480000,0x00000000ed480000,0x00000000ede80000)
 ParOldGen       total 62464K, used 8308K [0x00000000c0000000, 0x00000000c3d00000, 0x00000000eab00000)
  object space 62464K, 13% used [0x00000000c0000000,0x00000000c081d290,0x00000000c3d00000)
 Metaspace       used 23880K, capacity 24382K, committed 24448K, reserved 1071104K
  class space    used 3275K, capacity 3432K, committed 3456K, reserved 1048576K
Event: 11.257 GC heap after
Heap after GC invocations=7 (full 1):
 PSYoungGen      total 42496K, used 3771K [0x00000000eab00000, 0x00000000eee00000, 0x0000000100000000)
  eden space 32256K, 0% used [0x00000000eab00000,0x00000000eab00000,0x00000000eca80000)
  from space 10240K, 36% used [0x00000000ed480000,0x00000000ed82ec08,0x00000000ede80000)
  to   space 10240K, 0% used [0x00000000eca80000,0x00000000eca80000,0x00000000ed480000)
 ParOldGen       total 62464K, used 8316K [0x00000000c0000000, 0x00000000c3d00000, 0x00000000eab00000)
  object space 62464K, 13% used [0x00000000c0000000,0x00000000c081f290,0x00000000c3d00000)
 Metaspace       used 23880K, capacity 24382K, committed 24448K, reserved 1071104K
  class space    used 3275K, capacity 3432K, committed 3456K, reserved 1048576K
}

