# JRE version: OpenJDK Runtime Environment (8.0_152-b02) (build 1.8.0_152-release-1024-b02)
# Java VM: OpenJDK 64-Bit Server VM (25.152-b02 mixed mode windows-amd64 compressed oops)
Heap:
 PSYoungGen      total 277504K, used 110434K [0x00000000eab00000, 0x0000000100000000, 0x0000000100000000)
  eden space 221184K, 26% used [0x00000000eab00000,0x00000000ee3abb40,0x00000000f8300000)
  from space 56320K, 93% used [0x00000000fc900000,0x00000000ffc2cd40,0x0000000100000000)
  to   space 64000K, 0% used [0x00000000f8300000,0x00000000f8300000,0x00000000fc180000)
 ParOldGen       total 242176K, used 164456K [0x00000000c0000000, 0x00000000cec80000, 0x00000000eab00000)
  object space 242176K, 67% used [0x00000000c0000000,0x00000000ca09a1c8,0x00000000cec80000)
 Metaspace       used 84463K, capacity 87712K, committed 87936K, reserved 1126400K
  class space    used 10727K, capacity 11388K, committed 11392K, reserved 1048576K
GC Heap History (10 events):
Event: 397.759 GC heap before
{Heap before GC invocations=47 (full 4):
 PSYoungGen      total 311808K, used 311793K [0x00000000eab00000, 0x0000000100000000, 0x0000000100000000)
  eden space 274432K, 100% used [0x00000000eab00000,0x00000000fb700000,0x00000000fb700000)
  from space 37376K, 99% used [0x00000000fb700000,0x00000000fdb7c5d8,0x00000000fdb80000)
  to   space 37376K, 0% used [0x00000000fdb80000,0x00000000fdb80000,0x0000000100000000)
 ParOldGen       total 242176K, used 164416K [0x00000000c0000000, 0x00000000cec80000, 0x00000000eab00000)
  object space 242176K, 67% used [0x00000000c0000000,0x00000000ca0901c8,0x00000000cec80000)
 Metaspace       used 76612K, capacity 79652K, committed 80000K, reserved 1118208K
  class space    used 9877K, capacity 10516K, committed 10624K, reserved 1048576K
Event: 398.206 GC heap after
Heap after GC invocations=47 (full 4):
 PSYoungGen      total 279040K, used 21650K [0x00000000eab00000, 0x0000000100000000, 0x0000000100000000)
  eden space 241664K, 0% used [0x00000000eab00000,0x00000000eab00000,0x00000000f9700000)
  from space 37376K, 57% used [0x00000000fdb80000,0x00000000ff0a4bf8,0x0000000100000000)
  to   space 53760K, 0% used [0x00000000f9700000,0x00000000f9700000,0x00000000fcb80000)
 ParOldGen       total 242176K, used 164424K [0x00000000c0000000, 0x00000000cec80000, 0x00000000eab00000)
  object space 242176K, 67% used [0x00000000c0000000,0x00000000ca0921c8,0x00000000cec80000)
 Metaspace       used 76612K, capacity 79652K, committed 80000K, reserved 1118208K
  class space    used 9877K, capacity 10516K, committed 10624K, reserved 1048576K
}
Event: 404.047 GC heap before
{Heap before GC invocations=48 (full 4):
 PSYoungGen      total 279040K, used 262906K [0x00000000eab00000, 0x0000000100000000, 0x0000000100000000)
  eden space 241664K, 99% used [0x00000000eab00000,0x00000000f9699f98,0x00000000f9700000)
  from space 37376K, 57% used [0x00000000fdb80000,0x00000000ff0a4bf8,0x0000000100000000)
  to   space 53760K, 0% used [0x00000000f9700000,0x00000000f9700000,0x00000000fcb80000)
 ParOldGen       total 242176K, used 164424K [0x00000000c0000000, 0x00000000cec80000, 0x00000000eab00000)
  object space 242176K, 67% used [0x00000000c0000000,0x00000000ca0921c8,0x00000000cec80000)
 Metaspace       used 82594K, capacity 85724K, committed 85760K, reserved 1124352K
  class space    used 10598K, capacity 11232K, committed 11264K, reserved 1048576K
Event: 404.083 GC heap after
Heap after GC invocations=48 (full 4):
 PSYoungGen      total 271872K, used 29874K [0x00000000eab00000, 0x0000000100000000, 0x0000000100000000)
  eden space 241664K, 0% used [0x00000000eab00000,0x00000000eab00000,0x00000000f9700000)
  from space 30208K, 98% used [0x00000000f9700000,0x00000000fb42c928,0x00000000fb480000)
  to   space 54272K, 0% used [0x00000000fcb00000,0x00000000fcb00000,0x0000000100000000)
 ParOldGen       total 242176K, used 164432K [0x00000000c0000000, 0x00000000cec80000, 0x00000000eab00000)
  object space 242176K, 67% used [0x00000000c0000000,0x00000000ca0941c8,0x00000000cec80000)
 Metaspace       used 82594K, capacity 85724K, committed 85760K, reserved 1124352K
  class space    used 10598K, capacity 11232K, committed 11264K, reserved 1048576K
}
Event: 404.117 GC heap before
{Heap before GC invocations=49 (full 4):
 PSYoungGen      total 271872K, used 271303K [0x00000000eab00000, 0x0000000100000000, 0x0000000100000000)
  eden space 241664K, 99% used [0x00000000eab00000,0x00000000f96c53c8,0x00000000f9700000)
  from space 30208K, 98% used [0x00000000f9700000,0x00000000fb42c928,0x00000000fb480000)
  to   space 54272K, 0% used [0x00000000fcb00000,0x00000000fcb00000,0x0000000100000000)
 ParOldGen       total 242176K, used 164432K [0x00000000c0000000, 0x00000000cec80000, 0x00000000eab00000)
  object space 242176K, 67% used [0x00000000c0000000,0x00000000ca0941c8,0x00000000cec80000)
 Metaspace       used 82602K, capacity 85724K, committed 85760K, reserved 1124352K
  class space    used 10598K, capacity 11232K, committed 11264K, reserved 1048576K
Event: 404.152 GC heap after
Heap after GC invocations=49 (full 4):
 PSYoungGen      total 295424K, used 28150K [0x00000000eab00000, 0x0000000100000000, 0x0000000100000000)
  eden space 241152K, 0% used [0x00000000eab00000,0x00000000eab00000,0x00000000f9680000)
  from space 54272K, 51% used [0x00000000fcb00000,0x00000000fe67d9f8,0x0000000100000000)
  to   space 53760K, 0% used [0x00000000f9680000,0x00000000f9680000,0x00000000fcb00000)
 ParOldGen       total 242176K, used 164440K [0x00000000c0000000, 0x00000000cec80000, 0x00000000eab00000)
  object space 242176K, 67% used [0x00000000c0000000,0x00000000ca0961c8,0x00000000cec80000)
 Metaspace       used 82602K, capacity 85724K, committed 85760K, reserved 1124352K
  class space    used 10598K, capacity 11232K, committed 11264K, reserved 1048576K
}
Event: 414.740 GC heap before
{Heap before GC invocations=50 (full 4):
 PSYoungGen      total 295424K, used 269302K [0x00000000eab00000, 0x0000000100000000, 0x0000000100000000)
  eden space 241152K, 100% used [0x00000000eab00000,0x00000000f9680000,0x00000000f9680000)
  from space 54272K, 51% used [0x00000000fcb00000,0x00000000fe67d9f8,0x0000000100000000)
  to   space 53760K, 0% used [0x00000000f9680000,0x00000000f9680000,0x00000000fcb00000)
 ParOldGen       total 242176K, used 164440K [0x00000000c0000000, 0x00000000cec80000, 0x00000000eab00000)
  object space 242176K, 67% used [0x00000000c0000000,0x00000000ca0961c8,0x00000000cec80000)
 Metaspace       used 83629K, capacity 86860K, committed 86912K, reserved 1124352K
  class space    used 10716K, capacity 11372K, committed 11392K, reserved 1048576K
Event: 414.789 GC heap after
Heap after GC invocations=50 (full 4):
 PSYoungGen      total 278016K, used 36447K [0x00000000eab00000, 0x0000000100000000, 0x0000000100000000)
  eden space 241152K, 0% used [0x00000000eab00000,0x00000000eab00000,0x00000000f9680000)
  from space 36864K, 98% used [0x00000000f9680000,0x00000000fba17dd0,0x00000000fba80000)
  to   space 56320K, 0% used [0x00000000fc900000,0x00000000fc900000,0x0000000100000000)
 ParOldGen       total 242176K, used 164448K [0x00000000c0000000, 0x00000000cec80000, 0x00000000eab00000)
  object space 242176K, 67% used [0x00000000c0000000,0x00000000ca0981c8,0x00000000cec80000)
 Metaspace       used 83629K, capacity 86860K, committed 86912K, reserved 1124352K
  class space    used 10716K, capacity 11372K, committed 11392K, reserved 1048576K
}
Event: 573.726 GC heap before
{Heap before GC invocations=51 (full 4):
 PSYoungGen      total 278016K, used 277599K [0x00000000eab00000, 0x0000000100000000, 0x0000000100000000)
  eden space 241152K, 100% used [0x00000000eab00000,0x00000000f9680000,0x00000000f9680000)
  from space 36864K, 98% used [0x00000000f9680000,0x00000000fba17dd0,0x00000000fba80000)
  to   space 56320K, 0% used [0x00000000fc900000,0x00000000fc900000,0x0000000100000000)
 ParOldGen       total 242176K, used 164448K [0x00000000c0000000, 0x00000000cec80000, 0x00000000eab00000)
  object space 242176K, 67% used [0x00000000c0000000,0x00000000ca0981c8,0x00000000cec80000)
 Metaspace       used 84106K, capacity 87392K, committed 87424K, reserved 1126400K
  class space    used 10727K, capacity 11388K, committed 11392K, reserved 1048576K
Event: 574.013 GC heap after
Heap after GC invocations=51 (full 4):
 PSYoungGen      total 277504K, used 52403K [0x00000000eab00000, 0x0000000100000000, 0x0000000100000000)
  eden space 221184K, 0% used [0x00000000eab00000,0x00000000eab00000,0x00000000f8300000)
  from space 56320K, 93% used [0x00000000fc900000,0x00000000ffc2cd40,0x0000000100000000)
  to   space 64000K, 0% used [0x00000000f8300000,0x00000000f8300000,0x00000000fc180000)
 ParOldGen       total 242176K, used 164456K [0x00000000c0000000, 0x00000000cec80000, 0x00000000eab00000)
  object space 242176K, 67% used [0x00000000c0000000,0x00000000ca09a1c8,0x00000000cec80000)
 Metaspace       used 84106K, capacity 87392K, committed 87424K, reserved 1126400K
  class space    used 10727K, capacity 11388K, committed 11392K, reserved 1048576K
}

