# JRE version: OpenJDK Runtime Environment (8.0_152-b02) (build 1.8.0_152-release-1024-b02)
# Java VM: OpenJDK 64-Bit Server VM (25.152-b02 mixed mode windows-amd64 compressed oops)
Heap:
 PSYoungGen      total 438272K, used 49078K [0x00000000e0000000, 0x0000000100000000, 0x0000000100000000)
  eden space 351232K, 6% used [0x00000000e0000000,0x00000000e17593d8,0x00000000f5700000)
  from space 87040K, 28% used [0x00000000fa880000,0x00000000fc114670,0x00000000ffd80000)
  to   space 83456K, 0% used [0x00000000f5700000,0x00000000f5700000,0x00000000fa880000)
 ParOldGen       total 227840K, used 129058K [0x00000000a0000000, 0x00000000ade80000, 0x00000000e0000000)
  object space 227840K, 56% used [0x00000000a0000000,0x00000000a7e089d8,0x00000000ade80000)
 Metaspace       used 129079K, capacity 139128K, committed 139224K, reserved 1171456K
  class space    used 15860K, capacity 17891K, committed 17920K, reserved 1048576K
GC Heap History (10 events):
Event: 5222.049 GC heap before
{Heap before GC invocations=105 (full 5):
 PSYoungGen      total 418304K, used 418292K [0x00000000e0000000, 0x0000000100000000, 0x0000000100000000)
  eden space 353792K, 100% used [0x00000000e0000000,0x00000000f5980000,0x00000000f5980000)
  from space 64512K, 99% used [0x00000000f5980000,0x00000000f987d040,0x00000000f9880000)
  to   space 79872K, 0% used [0x00000000fb200000,0x00000000fb200000,0x0000000100000000)
 ParOldGen       total 227840K, used 96972K [0x00000000a0000000, 0x00000000ade80000, 0x00000000e0000000)
  object space 227840K, 42% used [0x00000000a0000000,0x00000000a5eb3100,0x00000000ade80000)
 Metaspace       used 125293K, capacity 134798K, committed 135128K, reserved 1167360K
  class space    used 15358K, capacity 17298K, committed 17408K, reserved 1048576K
Event: 5223.351 GC heap after
Heap after GC invocations=105 (full 5):
 PSYoungGen      total 440320K, used 46770K [0x00000000e0000000, 0x0000000100000000, 0x0000000100000000)
  eden space 360448K, 0% used [0x00000000e0000000,0x00000000e0000000,0x00000000f6000000)
  from space 79872K, 58% used [0x00000000fb200000,0x00000000fdfac848,0x0000000100000000)
  to   space 81920K, 0% used [0x00000000f6000000,0x00000000f6000000,0x00000000fb000000)
 ParOldGen       total 227840K, used 97076K [0x00000000a0000000, 0x00000000ade80000, 0x00000000e0000000)
  object space 227840K, 42% used [0x00000000a0000000,0x00000000a5ecd030,0x00000000ade80000)
 Metaspace       used 125293K, capacity 134798K, committed 135128K, reserved 1167360K
  class space    used 15358K, capacity 17298K, committed 17408K, reserved 1048576K
}
Event: 6059.893 GC heap before
{Heap before GC invocations=106 (full 5):
 PSYoungGen      total 440320K, used 407218K [0x00000000e0000000, 0x0000000100000000, 0x0000000100000000)
  eden space 360448K, 100% used [0x00000000e0000000,0x00000000f6000000,0x00000000f6000000)
  from space 79872K, 58% used [0x00000000fb200000,0x00000000fdfac848,0x0000000100000000)
  to   space 81920K, 0% used [0x00000000f6000000,0x00000000f6000000,0x00000000fb000000)
 ParOldGen       total 227840K, used 97076K [0x00000000a0000000, 0x00000000ade80000, 0x00000000e0000000)
  object space 227840K, 42% used [0x00000000a0000000,0x00000000a5ecd030,0x00000000ade80000)
 Metaspace       used 125873K, capacity 135534K, committed 135640K, reserved 1167360K
  class space    used 15431K, capacity 17388K, committed 17408K, reserved 1048576K
Event: 6061.060 GC heap after
Heap after GC invocations=106 (full 5):
 PSYoungGen      total 421376K, used 60514K [0x00000000e0000000, 0x0000000100000000, 0x0000000100000000)
  eden space 360448K, 0% used [0x00000000e0000000,0x00000000e0000000,0x00000000f6000000)
  from space 60928K, 99% used [0x00000000f6000000,0x00000000f9b18ae0,0x00000000f9b80000)
  to   space 88064K, 0% used [0x00000000faa00000,0x00000000faa00000,0x0000000100000000)
 ParOldGen       total 227840K, used 98236K [0x00000000a0000000, 0x00000000ade80000, 0x00000000e0000000)
  object space 227840K, 43% used [0x00000000a0000000,0x00000000a5fef0a0,0x00000000ade80000)
 Metaspace       used 125873K, capacity 135534K, committed 135640K, reserved 1167360K
  class space    used 15431K, capacity 17388K, committed 17408K, reserved 1048576K
}
Event: 6071.221 GC heap before
{Heap before GC invocations=107 (full 5):
 PSYoungGen      total 421376K, used 420704K [0x00000000e0000000, 0x0000000100000000, 0x0000000100000000)
  eden space 360448K, 99% used [0x00000000e0000000,0x00000000f5fbf720,0x00000000f6000000)
  from space 60928K, 99% used [0x00000000f6000000,0x00000000f9b18ae0,0x00000000f9b80000)
  to   space 88064K, 0% used [0x00000000faa00000,0x00000000faa00000,0x0000000100000000)
 ParOldGen       total 227840K, used 98236K [0x00000000a0000000, 0x00000000ade80000, 0x00000000e0000000)
  object space 227840K, 43% used [0x00000000a0000000,0x00000000a5fef0a0,0x00000000ade80000)
 Metaspace       used 127608K, capacity 137382K, committed 137432K, reserved 1169408K
  class space    used 15669K, capacity 17638K, committed 17664K, reserved 1048576K
Event: 6071.357 GC heap after
Heap after GC invocations=107 (full 5):
 PSYoungGen      total 435200K, used 47985K [0x00000000e0000000, 0x0000000100000000, 0x0000000100000000)
  eden space 347136K, 0% used [0x00000000e0000000,0x00000000e0000000,0x00000000f5300000)
  from space 88064K, 54% used [0x00000000faa00000,0x00000000fd8dc670,0x0000000100000000)
  to   space 88576K, 0% used [0x00000000f5300000,0x00000000f5300000,0x00000000fa980000)
 ParOldGen       total 227840K, used 98372K [0x00000000a0000000, 0x00000000ade80000, 0x00000000e0000000)
  object space 227840K, 43% used [0x00000000a0000000,0x00000000a60110a0,0x00000000ade80000)
 Metaspace       used 127608K, capacity 137382K, committed 137432K, reserved 1169408K
  class space    used 15669K, capacity 17638K, committed 17664K, reserved 1048576K
}
Event: 6081.636 GC heap before
{Heap before GC invocations=108 (full 5):
 PSYoungGen      total 435200K, used 395121K [0x00000000e0000000, 0x0000000100000000, 0x0000000100000000)
  eden space 347136K, 100% used [0x00000000e0000000,0x00000000f5300000,0x00000000f5300000)
  from space 88064K, 54% used [0x00000000faa00000,0x00000000fd8dc670,0x0000000100000000)
  to   space 88576K, 0% used [0x00000000f5300000,0x00000000f5300000,0x00000000fa980000)
 ParOldGen       total 227840K, used 98372K [0x00000000a0000000, 0x00000000ade80000, 0x00000000e0000000)
  object space 227840K, 43% used [0x00000000a0000000,0x00000000a60110a0,0x00000000ade80000)
 Metaspace       used 128145K, capacity 138074K, committed 138328K, reserved 1169408K
  class space    used 15751K, capacity 17754K, committed 17792K, reserved 1048576K
Event: 6081.790 GC heap after
Heap after GC invocations=108 (full 5):
 PSYoungGen      total 392192K, used 44682K [0x00000000e0000000, 0x00000000ffd80000, 0x0000000100000000)
  eden space 347136K, 0% used [0x00000000e0000000,0x00000000e0000000,0x00000000f5300000)
  from space 45056K, 99% used [0x00000000f5300000,0x00000000f7ea28c8,0x00000000f7f00000)
  to   space 87040K, 0% used [0x00000000fa880000,0x00000000fa880000,0x00000000ffd80000)
 ParOldGen       total 227840K, used 105764K [0x00000000a0000000, 0x00000000ade80000, 0x00000000e0000000)
  object space 227840K, 46% used [0x00000000a0000000,0x00000000a67492c0,0x00000000ade80000)
 Metaspace       used 128145K, capacity 138074K, committed 138328K, reserved 1169408K
  class space    used 15751K, capacity 17754K, committed 17792K, reserved 1048576K
}
Event: 6094.746 GC heap before
{Heap before GC invocations=109 (full 5):
 PSYoungGen      total 392192K, used 391818K [0x00000000e0000000, 0x00000000ffd80000, 0x0000000100000000)
  eden space 347136K, 100% used [0x00000000e0000000,0x00000000f5300000,0x00000000f5300000)
  from space 45056K, 99% used [0x00000000f5300000,0x00000000f7ea28c8,0x00000000f7f00000)
  to   space 87040K, 0% used [0x00000000fa880000,0x00000000fa880000,0x00000000ffd80000)
 ParOldGen       total 227840K, used 105764K [0x00000000a0000000, 0x00000000ade80000, 0x00000000e0000000)
  object space 227840K, 46% used [0x00000000a0000000,0x00000000a67492c0,0x00000000ade80000)
 Metaspace       used 129078K, capacity 139128K, committed 139224K, reserved 1171456K
  class space    used 15860K, capacity 17891K, committed 17920K, reserved 1048576K
Event: 6094.952 GC heap after
Heap after GC invocations=109 (full 5):
 PSYoungGen      total 438272K, used 25169K [0x00000000e0000000, 0x0000000100000000, 0x0000000100000000)
  eden space 351232K, 0% used [0x00000000e0000000,0x00000000e0000000,0x00000000f5700000)
  from space 87040K, 28% used [0x00000000fa880000,0x00000000fc114670,0x00000000ffd80000)
  to   space 83456K, 0% used [0x00000000f5700000,0x00000000f5700000,0x00000000fa880000)
 ParOldGen       total 227840K, used 129058K [0x00000000a0000000, 0x00000000ade80000, 0x00000000e0000000)
  object space 227840K, 56% used [0x00000000a0000000,0x00000000a7e089d8,0x00000000ade80000)
 Metaspace       used 129078K, capacity 139128K, committed 139224K, reserved 1171456K
  class space    used 15860K, capacity 17891K, committed 17920K, reserved 1048576K
}

