# JRE version: OpenJDK Runtime Environment (8.0_152-b02) (build 1.8.0_152-release-1024-b02)
# Java VM: OpenJDK 64-Bit Server VM (25.152-b02 mixed mode windows-amd64 compressed oops)
Heap:
 PSYoungGen      total 266752K, used 218083K [0x00000000eab00000, 0x0000000100000000, 0x0000000100000000)
  eden space 216064K, 77% used [0x00000000eab00000,0x00000000f4ed4088,0x00000000f7e00000)
  from space 50688K, 99% used [0x00000000f7e00000,0x00000000faf24b78,0x00000000faf80000)
  to   space 70656K, 0% used [0x00000000fbb00000,0x00000000fbb00000,0x0000000100000000)
 ParOldGen       total 158720K, used 76144K [0x00000000c0000000, 0x00000000c9b00000, 0x00000000eab00000)
  object space 158720K, 47% used [0x00000000c0000000,0x00000000c4a5c318,0x00000000c9b00000)
 Metaspace       used 83366K, capacity 86704K, committed 86912K, reserved 1124352K
  class space    used 10718K, capacity 11382K, committed 11392K, reserved 1048576K
GC Heap History (10 events):
Event: 166.973 GC heap before
{Heap before GC invocations=24 (full 3):
 PSYoungGen      total 225792K, used 220713K [0x00000000eab00000, 0x00000000fb700000, 0x0000000100000000)
  eden space 186368K, 100% used [0x00000000eab00000,0x00000000f6100000,0x00000000f6100000)
  from space 39424K, 87% used [0x00000000f8c00000,0x00000000fad8a6b8,0x00000000fb280000)
  to   space 44032K, 0% used [0x00000000f6100000,0x00000000f6100000,0x00000000f8c00000)
 ParOldGen       total 158720K, used 46046K [0x00000000c0000000, 0x00000000c9b00000, 0x00000000eab00000)
  object space 158720K, 29% used [0x00000000c0000000,0x00000000c2cf7940,0x00000000c9b00000)
 Metaspace       used 78697K, capacity 81620K, committed 81664K, reserved 1120256K
  class space    used 10357K, capacity 10972K, committed 11008K, reserved 1048576K
Event: 167.076 GC heap after
Heap after GC invocations=24 (full 3):
 PSYoungGen      total 230400K, used 44008K [0x00000000eab00000, 0x00000000ff580000, 0x0000000100000000)
  eden space 186368K, 0% used [0x00000000eab00000,0x00000000eab00000,0x00000000f6100000)
  from space 44032K, 99% used [0x00000000f6100000,0x00000000f8bfa128,0x00000000f8c00000)
  to   space 61952K, 0% used [0x00000000fb900000,0x00000000fb900000,0x00000000ff580000)
 ParOldGen       total 158720K, used 76112K [0x00000000c0000000, 0x00000000c9b00000, 0x00000000eab00000)
  object space 158720K, 47% used [0x00000000c0000000,0x00000000c4a54318,0x00000000c9b00000)
 Metaspace       used 78697K, capacity 81620K, committed 81664K, reserved 1120256K
  class space    used 10357K, capacity 10972K, committed 11008K, reserved 1048576K
}
Event: 175.557 GC heap before
{Heap before GC invocations=25 (full 3):
 PSYoungGen      total 230400K, used 230376K [0x00000000eab00000, 0x00000000ff580000, 0x0000000100000000)
  eden space 186368K, 100% used [0x00000000eab00000,0x00000000f6100000,0x00000000f6100000)
  from space 44032K, 99% used [0x00000000f6100000,0x00000000f8bfa128,0x00000000f8c00000)
  to   space 61952K, 0% used [0x00000000fb900000,0x00000000fb900000,0x00000000ff580000)
 ParOldGen       total 158720K, used 76112K [0x00000000c0000000, 0x00000000c9b00000, 0x00000000eab00000)
  object space 158720K, 47% used [0x00000000c0000000,0x00000000c4a54318,0x00000000c9b00000)
 Metaspace       used 79907K, capacity 82882K, committed 83072K, reserved 1122304K
  class space    used 10421K, capacity 11027K, committed 11136K, reserved 1048576K
Event: 175.837 GC heap after
Heap after GC invocations=25 (full 3):
 PSYoungGen      total 273920K, used 42292K [0x00000000eab00000, 0x0000000100000000, 0x0000000100000000)
  eden space 211968K, 0% used [0x00000000eab00000,0x00000000eab00000,0x00000000f7a00000)
  from space 61952K, 68% used [0x00000000fb900000,0x00000000fe24d208,0x00000000ff580000)
  to   space 64512K, 0% used [0x00000000f7a00000,0x00000000f7a00000,0x00000000fb900000)
 ParOldGen       total 158720K, used 76120K [0x00000000c0000000, 0x00000000c9b00000, 0x00000000eab00000)
  object space 158720K, 47% used [0x00000000c0000000,0x00000000c4a56318,0x00000000c9b00000)
 Metaspace       used 79907K, capacity 82882K, committed 83072K, reserved 1122304K
  class space    used 10421K, capacity 11027K, committed 11136K, reserved 1048576K
}
Event: 312.406 GC heap before
{Heap before GC invocations=26 (full 3):
 PSYoungGen      total 273920K, used 254260K [0x00000000eab00000, 0x0000000100000000, 0x0000000100000000)
  eden space 211968K, 100% used [0x00000000eab00000,0x00000000f7a00000,0x00000000f7a00000)
  from space 61952K, 68% used [0x00000000fb900000,0x00000000fe24d208,0x00000000ff580000)
  to   space 64512K, 0% used [0x00000000f7a00000,0x00000000f7a00000,0x00000000fb900000)
 ParOldGen       total 158720K, used 76120K [0x00000000c0000000, 0x00000000c9b00000, 0x00000000eab00000)
  object space 158720K, 47% used [0x00000000c0000000,0x00000000c4a56318,0x00000000c9b00000)
 Metaspace       used 81872K, capacity 85048K, committed 85248K, reserved 1124352K
  class space    used 10584K, capacity 11242K, committed 11264K, reserved 1048576K
Event: 313.490 GC heap after
Heap after GC invocations=26 (full 3):
 PSYoungGen      total 276480K, used 38349K [0x00000000eab00000, 0x0000000100000000, 0x0000000100000000)
  eden space 211968K, 0% used [0x00000000eab00000,0x00000000eab00000,0x00000000f7a00000)
  from space 64512K, 59% used [0x00000000f7a00000,0x00000000f9f73598,0x00000000fb900000)
  to   space 65536K, 0% used [0x00000000fc000000,0x00000000fc000000,0x0000000100000000)
 ParOldGen       total 158720K, used 76128K [0x00000000c0000000, 0x00000000c9b00000, 0x00000000eab00000)
  object space 158720K, 47% used [0x00000000c0000000,0x00000000c4a58318,0x00000000c9b00000)
 Metaspace       used 81872K, capacity 85048K, committed 85248K, reserved 1124352K
  class space    used 10584K, capacity 11242K, committed 11264K, reserved 1048576K
}
Event: 327.736 GC heap before
{Heap before GC invocations=27 (full 3):
 PSYoungGen      total 276480K, used 250317K [0x00000000eab00000, 0x0000000100000000, 0x0000000100000000)
  eden space 211968K, 100% used [0x00000000eab00000,0x00000000f7a00000,0x00000000f7a00000)
  from space 64512K, 59% used [0x00000000f7a00000,0x00000000f9f73598,0x00000000fb900000)
  to   space 65536K, 0% used [0x00000000fc000000,0x00000000fc000000,0x0000000100000000)
 ParOldGen       total 158720K, used 76128K [0x00000000c0000000, 0x00000000c9b00000, 0x00000000eab00000)
  object space 158720K, 47% used [0x00000000c0000000,0x00000000c4a58318,0x00000000c9b00000)
 Metaspace       used 82513K, capacity 85724K, committed 85888K, reserved 1124352K
  class space    used 10647K, capacity 11286K, committed 11392K, reserved 1048576K
Event: 327.829 GC heap after
Heap after GC invocations=27 (full 3):
 PSYoungGen      total 281600K, used 40009K [0x00000000eab00000, 0x0000000100000000, 0x0000000100000000)
  eden space 216064K, 0% used [0x00000000eab00000,0x00000000eab00000,0x00000000f7e00000)
  from space 65536K, 61% used [0x00000000fc000000,0x00000000fe712518,0x0000000100000000)
  to   space 66560K, 0% used [0x00000000f7e00000,0x00000000f7e00000,0x00000000fbf00000)
 ParOldGen       total 158720K, used 76136K [0x00000000c0000000, 0x00000000c9b00000, 0x00000000eab00000)
  object space 158720K, 47% used [0x00000000c0000000,0x00000000c4a5a318,0x00000000c9b00000)
 Metaspace       used 82513K, capacity 85724K, committed 85888K, reserved 1124352K
  class space    used 10647K, capacity 11286K, committed 11392K, reserved 1048576K
}
Event: 333.911 GC heap before
{Heap before GC invocations=28 (full 3):
 PSYoungGen      total 281600K, used 255119K [0x00000000eab00000, 0x0000000100000000, 0x0000000100000000)
  eden space 216064K, 99% used [0x00000000eab00000,0x00000000f7d118d8,0x00000000f7e00000)
  from space 65536K, 61% used [0x00000000fc000000,0x00000000fe712518,0x0000000100000000)
  to   space 66560K, 0% used [0x00000000f7e00000,0x00000000f7e00000,0x00000000fbf00000)
 ParOldGen       total 158720K, used 76136K [0x00000000c0000000, 0x00000000c9b00000, 0x00000000eab00000)
  object space 158720K, 47% used [0x00000000c0000000,0x00000000c4a5a318,0x00000000c9b00000)
 Metaspace       used 82917K, capacity 86214K, committed 86400K, reserved 1124352K
  class space    used 10685K, capacity 11333K, committed 11392K, reserved 1048576K
Event: 334.019 GC heap after
Heap after GC invocations=28 (full 3):
 PSYoungGen      total 266752K, used 50322K [0x00000000eab00000, 0x0000000100000000, 0x0000000100000000)
  eden space 216064K, 0% used [0x00000000eab00000,0x00000000eab00000,0x00000000f7e00000)
  from space 50688K, 99% used [0x00000000f7e00000,0x00000000faf24b78,0x00000000faf80000)
  to   space 70656K, 0% used [0x00000000fbb00000,0x00000000fbb00000,0x0000000100000000)
 ParOldGen       total 158720K, used 76144K [0x00000000c0000000, 0x00000000c9b00000, 0x00000000eab00000)
  object space 158720K, 47% used [0x00000000c0000000,0x00000000c4a5c318,0x00000000c9b00000)
 Metaspace       used 82917K, capacity 86214K, committed 86400K, reserved 1124352K
  class space    used 10685K, capacity 11333K, committed 11392K, reserved 1048576K
}

